{"/Users/artyom/Downloads/frigat 2/apps/server/src/config/game.config.ts": {"path":"/Users/artyom/Downloads/frigat 2/apps/server/src/config/game.config.ts","statementMap":{"0":{"start":{"line":25,"column":52},"end":{"line":37,"column":null}},"1":{"start":{"line":39,"column":32},"end":{"line":46,"column":null}}},"fnMap":{},"branchMap":{},"s":{"0":1,"1":1},"f":{},"b":{},"meta":{"lastBranch":0,"lastFunction":0,"lastStatement":2,"seen":{"s:25:52:37:Infinity":0,"s:39:32:46:Infinity":1},"fnNames":{}}}
,"/Users/artyom/Downloads/frigat 2/apps/server/src/engines/mines.engine.ts": {"path":"/Users/artyom/Downloads/frigat 2/apps/server/src/engines/mines.engine.ts","statementMap":{"0":{"start":{"line":26,"column":13},"end":{"line":26,"column":null}},"1":{"start":{"line":27,"column":10},"end":{"line":27,"column":null}},"2":{"start":{"line":35,"column":2},"end":{"line":43,"column":null}},"3":{"start":{"line":40,"column":4},"end":{"line":42,"column":null}},"4":{"start":{"line":45,"column":19},"end":{"line":45,"column":null}},"5":{"start":{"line":46,"column":24},"end":{"line":46,"column":null}},"6":{"start":{"line":46,"column":69},"end":{"line":46,"column":74}},"7":{"start":{"line":48,"column":2},"end":{"line":48,"column":null}},"8":{"start":{"line":52,"column":2},"end":{"line":54,"column":null}},"9":{"start":{"line":53,"column":4},"end":{"line":53,"column":null}},"10":{"start":{"line":55,"column":2},"end":{"line":55,"column":null}},"11":{"start":{"line":59,"column":20},"end":{"line":59,"column":null}},"12":{"start":{"line":60,"column":2},"end":{"line":62,"column":null}},"13":{"start":{"line":61,"column":4},"end":{"line":61,"column":null}},"14":{"start":{"line":63,"column":2},"end":{"line":63,"column":null}},"15":{"start":{"line":63,"column":26},"end":{"line":63,"column":null}},"16":{"start":{"line":65,"column":13},"end":{"line":65,"column":null}},"17":{"start":{"line":66,"column":2},"end":{"line":68,"column":null}},"18":{"start":{"line":66,"column":15},"end":{"line":66,"column":18}},"19":{"start":{"line":67,"column":4},"end":{"line":67,"column":null}},"20":{"start":{"line":69,"column":19},"end":{"line":69,"column":null}},"21":{"start":{"line":70,"column":2},"end":{"line":70,"column":null}}},"fnMap":{"0":{"name":"generateLayout","decl":{"start":{"line":34,"column":16},"end":{"line":34,"column":31}},"loc":{"start":{"line":34,"column":83},"end":{"line":49,"column":null}},"line":34},"1":{"name":"(anonymous_1)","decl":{"start":{"line":46,"column":54},"end":{"line":46,"column":60}},"loc":{"start":{"line":46,"column":69},"end":{"line":46,"column":74}},"line":46},"2":{"name":"isMine","decl":{"start":{"line":51,"column":16},"end":{"line":51,"column":23}},"loc":{"start":{"line":51,"column":67},"end":{"line":56,"column":null}},"line":51},"3":{"name":"multiplierAfter","decl":{"start":{"line":58,"column":16},"end":{"line":58,"column":32}},"loc":{"start":{"line":58,"column":82},"end":{"line":71,"column":null}},"line":58}},"branchMap":{"0":{"loc":{"start":{"line":35,"column":2},"end":{"line":43,"column":null}},"type":"if","locations":[{"start":{"line":35,"column":2},"end":{"line":43,"column":null}},{"start":{},"end":{}}],"line":35},"1":{"loc":{"start":{"line":36,"column":4},"end":{"line":38,"column":null}},"type":"binary-expr","locations":[{"start":{"line":36,"column":4},"end":{"line":36,"column":null}},{"start":{"line":37,"column":4},"end":{"line":37,"column":null}},{"start":{"line":38,"column":4},"end":{"line":38,"column":null}}],"line":36},"2":{"loc":{"start":{"line":52,"column":2},"end":{"line":54,"column":null}},"type":"if","locations":[{"start":{"line":52,"column":2},"end":{"line":54,"column":null}},{"start":{},"end":{}}],"line":52},"3":{"loc":{"start":{"line":52,"column":6},"end":{"line":52,"column":56}},"type":"binary-expr","locations":[{"start":{"line":52,"column":6},"end":{"line":52,"column":33}},{"start":{"line":52,"column":33},"end":{"line":52,"column":45}},{"start":{"line":52,"column":45},"end":{"line":52,"column":56}}],"line":52},"4":{"loc":{"start":{"line":60,"column":2},"end":{"line":62,"column":null}},"type":"if","locations":[{"start":{"line":60,"column":2},"end":{"line":62,"column":null}},{"start":{},"end":{}}],"line":60},"5":{"loc":{"start":{"line":60,"column":6},"end":{"line":60,"column":52}},"type":"binary-expr","locations":[{"start":{"line":60,"column":6},"end":{"line":60,"column":26}},{"start":{"line":60,"column":26},"end":{"line":60,"column":52}}],"line":60},"6":{"loc":{"start":{"line":63,"column":2},"end":{"line":63,"column":null}},"type":"if","locations":[{"start":{"line":63,"column":2},"end":{"line":63,"column":null}},{"start":{},"end":{}}],"line":63}},"s":{"0":1,"1":1,"2":33,"3":6,"4":27,"5":27,"6":268,"7":27,"8":30,"9":5,"10":25,"11":27,"12":27,"13":2,"14":25,"15":2,"16":23,"17":23,"18":23,"19":217,"20":23,"21":23},"f":{"0":33,"1":268,"2":30,"3":27},"b":{"0":[6,27],"1":[33,31,28],"2":[5,25],"3":[30,28,27],"4":[2,25],"5":[27,26],"6":[2,23]},"meta":{"lastBranch":7,"lastFunction":4,"lastStatement":22,"seen":{"s:26:13:26:Infinity":0,"s:27:10:27:Infinity":1,"f:34:16:34:31":0,"b:35:2:43:Infinity:undefined:undefined:undefined:undefined":0,"s:35:2:43:Infinity":2,"b:36:4:36:Infinity:37:4:37:Infinity:38:4:38:Infinity":1,"s:40:4:42:Infinity":3,"s:45:19:45:Infinity":4,"s:46:24:46:Infinity":5,"f:46:54:46:60":1,"s:46:69:46:74":6,"s:48:2:48:Infinity":7,"f:51:16:51:23":2,"b:52:2:54:Infinity:undefined:undefined:undefined:undefined":2,"s:52:2:54:Infinity":8,"b:52:6:52:33:52:33:52:45:52:45:52:56":3,"s:53:4:53:Infinity":9,"s:55:2:55:Infinity":10,"f:58:16:58:32":3,"s:59:20:59:Infinity":11,"b:60:2:62:Infinity:undefined:undefined:undefined:undefined":4,"s:60:2:62:Infinity":12,"b:60:6:60:26:60:26:60:52":5,"s:61:4:61:Infinity":13,"b:63:2:63:Infinity:undefined:undefined:undefined:undefined":6,"s:63:2:63:Infinity":14,"s:63:26:63:Infinity":15,"s:65:13:65:Infinity":16,"s:66:2:68:Infinity":17,"s:66:15:66:18":18,"s:67:4:67:Infinity":19,"s:69:19:69:Infinity":20,"s:70:2:70:Infinity":21},"fnNames":{}}}
,"/Users/artyom/Downloads/frigat 2/apps/server/src/engines/provable.ts": {"path":"/Users/artyom/Downloads/frigat 2/apps/server/src/engines/provable.ts","statementMap":{"0":{"start":{"line":21,"column":26},"end":{"line":21,"column":null}},"1":{"start":{"line":22,"column":24},"end":{"line":22,"column":null}},"2":{"start":{"line":30,"column":14},"end":{"line":32,"column":null}},"3":{"start":{"line":33,"column":2},"end":{"line":33,"column":null}},"4":{"start":{"line":46,"column":14},"end":{"line":46,"column":null}},"5":{"start":{"line":46,"column":50},"end":{"line":46,"column":51}},"6":{"start":{"line":47,"column":2},"end":{"line":51,"column":null}},"7":{"start":{"line":47,"column":15},"end":{"line":47,"column":22}},"8":{"start":{"line":48,"column":14},"end":{"line":48,"column":null}},"9":{"start":{"line":49,"column":14},"end":{"line":49,"column":null}},"10":{"start":{"line":50,"column":4},"end":{"line":50,"column":null}},"11":{"start":{"line":52,"column":2},"end":{"line":52,"column":null}}},"fnMap":{"0":{"name":"floatAt","decl":{"start":{"line":24,"column":16},"end":{"line":24,"column":null}},"loc":{"start":{"line":29,"column":10},"end":{"line":34,"column":null}},"line":29},"1":{"name":"provableShuffle","decl":{"start":{"line":40,"column":16},"end":{"line":40,"column":null}},"loc":{"start":{"line":45,"column":12},"end":{"line":53,"column":null}},"line":45},"2":{"name":"(anonymous_2)","decl":{"start":{"line":46,"column":37},"end":{"line":46,"column":41}},"loc":{"start":{"line":46,"column":50},"end":{"line":46,"column":51}},"line":46}},"branchMap":{},"s":{"0":1,"1":1,"2":648,"3":648,"4":27,"5":675,"6":27,"7":27,"8":648,"9":648,"10":648,"11":27},"f":{"0":648,"1":27,"2":675},"b":{},"meta":{"lastBranch":0,"lastFunction":3,"lastStatement":12,"seen":{"s:21:26:21:Infinity":0,"s:22:24:22:Infinity":1,"f:24:16:24:Infinity":0,"s:30:14:32:Infinity":2,"s:33:2:33:Infinity":3,"f:40:16:40:Infinity":1,"s:46:14:46:Infinity":4,"f:46:37:46:41":2,"s:46:50:46:51":5,"s:47:2:51:Infinity":6,"s:47:15:47:22":7,"s:48:14:48:Infinity":8,"s:49:14:49:Infinity":9,"s:50:4:50:Infinity":10,"s:52:2:52:Infinity":11},"fnNames":{}}}
}
